<?xml version="1.0" encoding="UTF-8"?>
<coverage generated="1507410526">
  <project timestamp="1507410526">
    <package name="MSBios\Filter">
      <file name="/Users/judzhin/Projects/_modules/msbios-filter/src/ConfigProvider.php">
        <class name="ConfigProvider" namespace="MSBios\Filter" fullPackage="MSBios" package="MSBios">
          <metrics complexity="2" methods="2" coveredmethods="0" conditionals="0" coveredconditionals="0" statements="12" coveredstatements="0" elements="14" coveredelements="0"/>
        </class>
        <line num="20" type="method" name="__invoke" visibility="public" complexity="1" crap="2" count="0"/>
        <line num="21" type="stmt" count="0"/>
        <line num="22" type="stmt" count="0"/>
        <line num="23" type="stmt" count="0"/>
        <line num="24" type="stmt" count="0"/>
        <line num="25" type="stmt" count="0"/>
        <line num="32" type="method" name="getDependencyConfig" visibility="public" complexity="1" crap="2" count="0"/>
        <line num="33" type="stmt" count="0"/>
        <line num="34" type="stmt" count="0"/>
        <line num="35" type="stmt" count="0"/>
        <line num="36" type="stmt" count="0"/>
        <line num="37" type="stmt" count="0"/>
        <line num="38" type="stmt" count="0"/>
        <line num="39" type="stmt" count="0"/>
        <metrics loc="40" ncloc="22" classes="1" methods="2" coveredmethods="0" conditionals="0" coveredconditionals="0" statements="12" coveredstatements="0" elements="14" coveredelements="0"/>
      </file>
      <file name="/Users/judzhin/Projects/_modules/msbios-filter/src/Module.php">
        <class name="Module" namespace="MSBios\Filter" fullPackage="MSBios" package="MSBios">
          <metrics complexity="2" methods="2" coveredmethods="1" conditionals="0" coveredconditionals="0" statements="4" coveredstatements="2" elements="6" coveredelements="3"/>
        </class>
        <line num="34" type="method" name="getConfig" visibility="public" complexity="1" crap="2" count="0"/>
        <line num="38" type="stmt" count="0"/>
        <line num="41" type="stmt" count="0"/>
        <line num="50" type="method" name="getAutoloaderConfig" visibility="public" complexity="1" crap="1" count="1"/>
        <line num="53" type="stmt" count="1"/>
        <line num="54" type="stmt" count="1"/>
        <metrics loc="60" ncloc="42" classes="1" methods="2" coveredmethods="1" conditionals="0" coveredconditionals="0" statements="4" coveredstatements="2" elements="6" coveredelements="3"/>
      </file>
    </package>
    <package name="MSBios\Filter\Decode">
      <file name="/Users/judzhin/Projects/_modules/msbios-filter/src/Decode/Json.php">
        <class name="Json" namespace="MSBios\Filter\Decode" fullPackage="MSBios" package="MSBios">
          <metrics complexity="2" methods="1" coveredmethods="0" conditionals="0" coveredconditionals="0" statements="10" coveredstatements="0" elements="11" coveredelements="0"/>
        </class>
        <line num="27" type="method" name="filter" visibility="public" complexity="2" crap="6" count="0"/>
        <line num="28" type="stmt" count="0"/>
        <line num="29" type="stmt" count="0"/>
        <line num="30" type="stmt" count="0"/>
        <line num="31" type="stmt" count="0"/>
        <line num="32" type="stmt" count="0"/>
        <line num="33" type="stmt" count="0"/>
        <line num="34" type="stmt" count="0"/>
        <line num="35" type="stmt" count="0"/>
        <line num="36" type="stmt" count="0"/>
        <line num="48" type="stmt" count="0"/>
        <metrics loc="49" ncloc="14" classes="1" methods="1" coveredmethods="0" conditionals="0" coveredconditionals="0" statements="10" coveredstatements="0" elements="11" coveredelements="0"/>
      </file>
    </package>
    <package name="MSBios\Filter\Factory">
      <file name="/Users/judzhin/Projects/_modules/msbios-filter/src/Factory/ModuleFactory.php">
        <class name="ModuleFactory" namespace="MSBios\Filter\Factory" fullPackage="MSBios" package="MSBios">
          <metrics complexity="1" methods="1" coveredmethods="0" conditionals="0" coveredconditionals="0" statements="3" coveredstatements="0" elements="4" coveredelements="0"/>
        </class>
        <line num="26" type="method" name="__invoke" visibility="public" complexity="1" crap="2" count="0"/>
        <line num="27" type="stmt" count="0"/>
        <line num="28" type="stmt" count="0"/>
        <line num="29" type="stmt" count="0"/>
        <metrics loc="30" ncloc="16" classes="1" methods="1" coveredmethods="0" conditionals="0" coveredconditionals="0" statements="3" coveredstatements="0" elements="4" coveredelements="0"/>
      </file>
    </package>
    <package name="MSBios\Filter\File">
      <file name="/Users/judzhin/Projects/_modules/msbios-filter/src/File/RenameUpload.php">
        <class name="RenameUpload" namespace="MSBios\Filter\File" fullPackage="MSBios" package="MSBios">
          <metrics complexity="18" methods="12" coveredmethods="0" conditionals="0" coveredconditionals="0" statements="68" coveredstatements="0" elements="80" coveredelements="0"/>
        </class>
        <line num="40" type="method" name="setDepth" visibility="public" complexity="1" crap="2" count="0"/>
        <line num="41" type="stmt" count="0"/>
        <line num="42" type="stmt" count="0"/>
        <line num="43" type="stmt" count="0"/>
        <line num="44" type="stmt" count="0"/>
        <line num="49" type="method" name="getDepth" visibility="public" complexity="1" crap="2" count="0"/>
        <line num="50" type="stmt" count="0"/>
        <line num="51" type="stmt" count="0"/>
        <line num="52" type="stmt" count="0"/>
        <line num="58" type="method" name="setLength" visibility="public" complexity="1" crap="2" count="0"/>
        <line num="59" type="stmt" count="0"/>
        <line num="60" type="stmt" count="0"/>
        <line num="61" type="stmt" count="0"/>
        <line num="62" type="stmt" count="0"/>
        <line num="67" type="method" name="getLength" visibility="public" complexity="1" crap="2" count="0"/>
        <line num="68" type="stmt" count="0"/>
        <line num="69" type="stmt" count="0"/>
        <line num="70" type="stmt" count="0"/>
        <line num="76" type="method" name="setCamelCase" visibility="public" complexity="1" crap="2" count="0"/>
        <line num="77" type="stmt" count="0"/>
        <line num="78" type="stmt" count="0"/>
        <line num="79" type="stmt" count="0"/>
        <line num="80" type="stmt" count="0"/>
        <line num="85" type="method" name="getCamelCase" visibility="public" complexity="1" crap="2" count="0"/>
        <line num="86" type="stmt" count="0"/>
        <line num="87" type="stmt" count="0"/>
        <line num="88" type="stmt" count="0"/>
        <line num="93" type="method" name="getTargetOptions" visibility="public" complexity="1" crap="2" count="0"/>
        <line num="94" type="stmt" count="0"/>
        <line num="95" type="stmt" count="0"/>
        <line num="96" type="stmt" count="0"/>
        <line num="102" type="method" name="setPathname" visibility="public" complexity="2" crap="6" count="0"/>
        <line num="103" type="stmt" count="0"/>
        <line num="104" type="stmt" count="0"/>
        <line num="105" type="stmt" count="0"/>
        <line num="106" type="stmt" count="0"/>
        <line num="107" type="stmt" count="0"/>
        <line num="108" type="stmt" count="0"/>
        <line num="110" type="stmt" count="0"/>
        <line num="111" type="stmt" count="0"/>
        <line num="112" type="stmt" count="0"/>
        <line num="117" type="method" name="getPathname" visibility="public" complexity="1" crap="2" count="0"/>
        <line num="118" type="stmt" count="0"/>
        <line num="119" type="stmt" count="0"/>
        <line num="120" type="stmt" count="0"/>
        <line num="126" type="method" name="setTarget" visibility="public" complexity="2" crap="6" count="0"/>
        <line num="127" type="stmt" count="0"/>
        <line num="128" type="stmt" count="0"/>
        <line num="129" type="stmt" count="0"/>
        <line num="130" type="stmt" count="0"/>
        <line num="131" type="stmt" count="0"/>
        <line num="132" type="stmt" count="0"/>
        <line num="133" type="stmt" count="0"/>
        <line num="139" type="method" name="getFinalTarget" visibility="protected" complexity="4" crap="20" count="0"/>
        <line num="140" type="stmt" count="0"/>
        <line num="141" type="stmt" count="0"/>
        <line num="143" type="stmt" count="0"/>
        <line num="145" type="stmt" count="0"/>
        <line num="146" type="stmt" count="0"/>
        <line num="147" type="stmt" count="0"/>
        <line num="150" type="stmt" count="0"/>
        <line num="151" type="stmt" count="0"/>
        <line num="152" type="stmt" count="0"/>
        <line num="154" type="stmt" count="0"/>
        <line num="156" type="stmt" count="0"/>
        <line num="157" type="stmt" count="0"/>
        <line num="158" type="stmt" count="0"/>
        <line num="159" type="stmt" count="0"/>
        <line num="161" type="stmt" count="0"/>
        <line num="162" type="stmt" count="0"/>
        <line num="168" type="method" name="random" visibility="protected" complexity="2" crap="6" count="0"/>
        <line num="169" type="stmt" count="0"/>
        <line num="171" type="stmt" count="0"/>
        <line num="172" type="stmt" count="0"/>
        <line num="173" type="stmt" count="0"/>
        <line num="174" type="stmt" count="0"/>
        <line num="175" type="stmt" count="0"/>
        <line num="176" type="stmt" count="0"/>
        <line num="177" type="stmt" count="0"/>
        <line num="178" type="stmt" count="0"/>
        <metrics loc="179" ncloc="117" classes="1" methods="12" coveredmethods="0" conditionals="0" coveredconditionals="0" statements="68" coveredstatements="0" elements="80" coveredelements="0"/>
      </file>
    </package>
    <metrics files="5" loc="358" ncloc="211" classes="5" methods="18" coveredmethods="1" conditionals="0" coveredconditionals="0" statements="97" coveredstatements="2" elements="115" coveredelements="3"/>
  </project>
</coverage>
